Base path: C:/Program Files (x86)/Unity/Editor/Data
Pipe name: \\.\pipe\UnityShaderCompiler-1-948
Cmd: getPlatforms
Cmd: preprocess
  insize=8687 outsize=2143 ok=1
Cmd: compileSnippet
  api=4 type=0 insize=6507 outsize=990 kw= ok=1
Cmd: compileSnippet
  api=4 type=1 insize=6507 outsize=1542 kw= ok=1
Cmd: compileSnippet
  api=4 type=0 insize=6503 outsize=990 kw= ok=1
Cmd: compileSnippet
  api=4 type=1 insize=6503 outsize=2184 kw= ok=1
Cmd: compileSnippet
  api=4 type=0 insize=6503 outsize=990 kw= ok=1
Cmd: compileSnippet
  api=4 type=1 insize=6503 outsize=1469 kw= ok=1
Cmd: compileSnippet
  api=4 type=0 insize=6503 outsize=990 kw= ok=1
Cmd: compileSnippet
  api=4 type=1 insize=6503 outsize=1469 kw= ok=1
Cmd: compileSnippet
  api=4 type=0 insize=6506 outsize=990 kw= ok=1
Cmd: compileSnippet
  api=4 type=1 insize=6506 outsize=1794 kw= ok=1
Cmd: compileSnippet
  api=4 type=0 insize=6506 outsize=990 kw= ok=1
Cmd: compileSnippet
  api=4 type=1 insize=6506 outsize=1469 kw= ok=1
Cmd: compileSnippet
  api=4 type=0 insize=6515 outsize=990 kw= ok=1
Cmd: compileSnippet
  api=4 type=1 insize=6515 outsize=1087 kw= ok=1
Cmd: compileSnippet
  api=4 type=0 insize=6520 outsize=990 kw= ok=1
Cmd: compileSnippet
  api=4 type=1 insize=6520 outsize=1347 kw= ok=1
Cmd: compileSnippet
  api=4 type=0 insize=6513 outsize=990 kw= ok=1
Cmd: compileSnippet
  api=4 type=1 insize=6513 outsize=852 kw= ok=1
Cmd: compileSnippet
  api=4 type=0 insize=6511 outsize=990 kw= ok=1
Cmd: compileSnippet
  api=4 type=1 insize=6511 outsize=1510 kw= ok=1
Cmd: compileSnippet
  api=4 type=0 insize=6518 outsize=990 kw= ok=1
Cmd: compileSnippet
  api=4 type=1 insize=6518 outsize=1591 kw= ok=1
Cmd: preprocess
  insize=11308 outsize=700 ok=1
Cmd: compileSnippet
  api=4 type=0 insize=10529 outsize=990 kw= ok=1
Cmd: compileSnippet
  api=4 type=1 insize=10529 outsize=1672 kw= ok=1
Cmd: compileSnippet
  api=4 type=0 insize=10552 outsize=990 kw= ok=1
Cmd: compileSnippet
  api=4 type=1 insize=10552 outsize=9269 kw= ok=1
Cmd: compileSnippet
  api=4 type=0 insize=10508 outsize=990 kw= ok=1
Cmd: compileSnippet
  api=4 type=1 insize=10508 outsize=9285 kw= ok=1
Cmd: preprocess
  insize=1305 outsize=357 ok=1
Cmd: compileSnippet
  error: 2 plat 4 at (23): unrecognized identifier 'UNITY_FOG_COORDS'
  api=4 type=0 insize=1210 outsize=0 kw= ok=0
Cmd: preprocess
  insize=452 outsize=452 ok=1
Cmd: preprocess
  insize=1683 outsize=2267 ok=1
Cmd: compileSnippet
  error: 2 plat 4 at (0): Vertex program 'tessvert_surf': unknown input semantics TEXCOORD/2

  api=4 type=0 insize=8367 outsize=0 kw=DIRECTIONAL SHADOWS_OFF LIGHTMAP_OFF DIRLIGHTMAP_OFF ok=0
Cmd: preprocess
  insize=1137 outsize=434 ok=1
Cmd: compileSnippet
  api=4 type=0 insize=955 outsize=990 kw= ok=1
Cmd: compileSnippet
  api=4 type=1 insize=955 outsize=843 kw= ok=1
Cmd: compileSnippet
  api=4 type=0 insize=954 outsize=990 kw= ok=1
Cmd: compileSnippet
  api=4 type=1 insize=954 outsize=843 kw= ok=1
Cmd: preprocess
  insize=9900 outsize=838 ok=1
Cmd: compileSnippet
  api=4 type=0 insize=8984 outsize=1908 kw= ok=1
Cmd: compileSnippet
  api=4 type=1 insize=8984 outsize=3094 kw= ok=1
Cmd: compileSnippet
  api=4 type=0 insize=8989 outsize=1997 kw= ok=1
Cmd: compileSnippet
  api=4 type=1 insize=8989 outsize=3297 kw= ok=1
Cmd: compileSnippet
  api=4 type=0 insize=9009 outsize=1339 kw= ok=1
Cmd: compileSnippet
  api=4 type=1 insize=9009 outsize=4963 kw= ok=1
Cmd: compileSnippet
  api=4 type=0 insize=9004 outsize=1339 kw= ok=1
Cmd: compileSnippet
  api=4 type=1 insize=9004 outsize=5223 kw= ok=1
Cmd: compileSnippet
  api=4 type=0 insize=9009 outsize=1656 kw= ok=1
Cmd: compileSnippet
  api=4 type=1 insize=9009 outsize=1502 kw= ok=1
Cmd: preprocess
  insize=1697 outsize=351 ok=1
Cmd: compileSnippet
  api=4 type=0 insize=1592 outsize=1485 kw= ok=1
Cmd: compileSnippet
  api=4 type=1 insize=1592 outsize=1965 kw= ok=1
Cmd: preprocess
  insize=898 outsize=349 ok=1
Cmd: compileSnippet
  api=4 type=0 insize=819 outsize=990 kw= ok=1
Cmd: compileSnippet
  api=4 type=1 insize=819 outsize=1225 kw= ok=1
Cmd: preprocess
  insize=985 outsize=309 ok=1
Cmd: compileSnippet
  api=4 type=0 insize=944 outsize=990 kw= ok=1
Cmd: compileSnippet
  api=4 type=1 insize=944 outsize=957 kw= ok=1
Cmd: preprocess
  insize=1991 outsize=491 ok=1
Cmd: compileSnippet
  api=4 type=0 insize=1758 outsize=1128 kw= ok=1
Cmd: compileSnippet
  api=4 type=1 insize=1758 outsize=1688 kw= ok=1
Cmd: preprocess
  insize=1284 outsize=407 ok=1
Cmd: compileSnippet
  api=4 type=0 insize=1135 outsize=1339 kw= ok=1
Cmd: compileSnippet
  api=4 type=1 insize=1135 outsize=1526 kw= ok=1
Cmd: preprocess
  insize=3680 outsize=672 ok=1
Cmd: compileSnippet
  api=4 type=0 insize=3154 outsize=990 kw= ok=1
Cmd: compileSnippet
  api=4 type=1 insize=3154 outsize=1339 kw= ok=1
Cmd: compileSnippet
  api=4 type=0 insize=3153 outsize=990 kw= ok=1
Cmd: compileSnippet
  api=4 type=1 insize=3153 outsize=1209 kw= ok=1
Cmd: compileSnippet
  api=4 type=0 insize=3160 outsize=990 kw= ok=1
Cmd: compileSnippet
  api=4 type=1 insize=3160 outsize=2436 kw= ok=1
Cmd: preprocess
  insize=1518 outsize=2211 ok=1
Cmd: compileSnippet
  error: 2 plat 4 at (0): Vertex program 'tessvert_surf': unknown input semantics TEXCOORD/2

  api=4 type=0 insize=8535 outsize=0 kw=DIRECTIONAL SHADOWS_OFF LIGHTMAP_OFF DIRLIGHTMAP_OFF ok=0
Cmd: preprocess
  insize=1223 outsize=401 ok=1
Cmd: compileSnippet
  api=4 type=0 insize=1085 outsize=990 kw= ok=1
Cmd: compileSnippet
  api=4 type=1 insize=1085 outsize=1615 kw= ok=1
Cmd: preprocess
  insize=6790 outsize=826 ok=1
Cmd: compileSnippet
  api=4 type=0 insize=1952 outsize=1209 kw= ok=1
Cmd: compileSnippet
  api=4 type=1 insize=1952 outsize=12235 kw= ok=1
Cmd: compileSnippet
  api=4 type=0 insize=2217 outsize=1209 kw= ok=1
Cmd: compileSnippet
  api=4 type=1 insize=2217 outsize=20132 kw= ok=1
Cmd: compileSnippet
  api=4 type=0 insize=2722 outsize=1209 kw= ok=1
Cmd: compileSnippet
  api=4 type=1 insize=2722 outsize=35927 kw= ok=1
Cmd: compileSnippet
  api=4 type=0 insize=2998 outsize=1071 kw= ok=1
Cmd: compileSnippet
  api=4 type=1 insize=2998 outsize=4012 kw= ok=1
Cmd: compileSnippet
  api=4 type=0 insize=1938 outsize=1347 kw= ok=1
Cmd: compileSnippet
  api=4 type=1 insize=1938 outsize=1095 kw= ok=1
Cmd: preprocess
  insize=1157 outsize=308 ok=1
Cmd: compileSnippet
  api=4 type=0 insize=1113 outsize=1737 kw= ok=1
Cmd: compileSnippet
  api=4 type=1 insize=1113 outsize=1396 kw= ok=1
Cmd: preprocess
  insize=1097 outsize=900 ok=1
Cmd: compileSnippet
  api=4 type=0 insize=4871 outsize=2607 kw=DIRECTIONAL SHADOWS_OFF LIGHTMAP_OFF DIRLIGHTMAP_OFF ok=1
Cmd: compileSnippet
  api=4 type=1 insize=4871 outsize=1453 kw=DIRECTIONAL SHADOWS_OFF LIGHTMAP_OFF DIRLIGHTMAP_OFF ok=1
Cmd: compileSnippet
  api=4 type=0 insize=2847 outsize=2875 kw=POINT ok=1
Cmd: compileSnippet
  api=4 type=1 insize=2847 outsize=1810 kw=POINT ok=1
Cmd: preprocess
  insize=2527 outsize=790 ok=1
Cmd: compileSnippet
  api=4 type=0 insize=1931 outsize=1339 kw= ok=1
Cmd: compileSnippet
  api=4 type=1 insize=1931 outsize=1201 kw= ok=1
Cmd: compileSnippet
  api=4 type=0 insize=1928 outsize=1339 kw= ok=1
Cmd: compileSnippet
  api=4 type=1 insize=1928 outsize=933 kw= ok=1
Cmd: compileSnippet
  api=4 type=0 insize=1942 outsize=1640 kw= ok=1
Cmd: compileSnippet
  api=4 type=1 insize=1942 outsize=1307 kw= ok=1
Cmd: compileSnippet
  api=4 type=0 insize=1940 outsize=1339 kw= ok=1
Cmd: compileSnippet
  api=4 type=1 insize=1940 outsize=852 kw= ok=1
Cmd: preprocess
  insize=940 outsize=295 ok=1
Cmd: compileSnippet
  api=4 type=0 insize=911 outsize=990 kw= ok=1
Cmd: compileSnippet
  api=4 type=1 insize=911 outsize=990 kw= ok=1
Cmd: preprocess
  insize=1379 outsize=387 ok=1
Cmd: compileSnippet
  api=4 type=0 insize=1251 outsize=1632 kw= ok=1
Cmd: compileSnippet
  api=4 type=1 insize=1251 outsize=1437 kw= ok=1
Cmd: preprocess
  insize=1431 outsize=348 ok=1
Cmd: compileSnippet
  api=4 type=0 insize=1333 outsize=1688 kw= ok=1
Cmd: compileSnippet
  api=4 type=1 insize=1333 outsize=965 kw= ok=1
Cmd: preprocess
  insize=1230 outsize=267 ok=1
Cmd: compileSnippet
  api=4 type=0 insize=1237 outsize=1827 kw= ok=1
Cmd: compileSnippet
  api=4 type=1 insize=1237 outsize=1355 kw= ok=1
Cmd: preprocess
  insize=1406 outsize=348 ok=1
Cmd: compileSnippet
  api=4 type=0 insize=1316 outsize=1485 kw= ok=1
Cmd: compileSnippet
  api=4 type=1 insize=1316 outsize=1502 kw= ok=1
Cmd: preprocess
  insize=1262 outsize=322 ok=1
Cmd: compileSnippet
  api=4 type=0 insize=1194 outsize=1298 kw= ok=1
Cmd: compileSnippet
  api=4 type=1 insize=1194 outsize=1428 kw= ok=1
Cmd: preprocess
  insize=2328 outsize=648 ok=1
Cmd: compileSnippet
  api=4 type=0 insize=1922 outsize=1428 kw= ok=1
Cmd: compileSnippet
  api=4 type=1 insize=1922 outsize=2867 kw= ok=1
Cmd: preprocess
  insize=954 outsize=269 ok=1
Cmd: compileSnippet
  api=4 type=0 insize=950 outsize=1055 kw= ok=1
Cmd: compileSnippet
  api=4 type=1 insize=950 outsize=1217 kw= ok=1
Cmd: preprocess
  insize=674 outsize=320 ok=1
Cmd: compileSnippet
  api=4 type=0 insize=634 outsize=1128 kw= ok=1
Cmd: compileSnippet
  api=4 type=1 insize=634 outsize=1055 kw= ok=1
Cmd: preprocess
  insize=6423 outsize=1035 ok=1
Cmd: compileSnippet
  api=4 type=0 insize=5398 outsize=1298 kw= ok=1
Cmd: compileSnippet
  api=4 type=1 insize=5398 outsize=876 kw= ok=1
Cmd: compileSnippet
  api=4 type=0 insize=5406 outsize=1583 kw= ok=1
Cmd: compileSnippet
  api=4 type=1 insize=5406 outsize=1518 kw= ok=1
Cmd: compileSnippet
  api=4 type=0 insize=5410 outsize=1396 kw= ok=1
Cmd: compileSnippet
  api=4 type=1 insize=5410 outsize=1518 kw= ok=1
Cmd: compileSnippet
  api=4 type=0 insize=5411 outsize=1396 kw= ok=1
Cmd: compileSnippet
  api=4 type=1 insize=5411 outsize=1518 kw= ok=1
Cmd: compileSnippet
  api=4 type=0 insize=5415 outsize=1753 kw= ok=1
Cmd: compileSnippet
  api=4 type=1 insize=5415 outsize=1786 kw= ok=1
Cmd: compileSnippet
  api=4 type=0 insize=5417 outsize=1753 kw= ok=1
Cmd: compileSnippet
  api=4 type=1 insize=5417 outsize=1786 kw= ok=1
Cmd: preprocess
  insize=33400 outsize=269 ok=1
Cmd: compileSnippet
  api=4 type=0 insize=32620 outsize=990 kw= ok=1
Cmd: compileSnippet
  api=4 type=1 insize=32620 outsize=10748 kw= ok=1
Cmd: preprocess
  insize=1219 outsize=261 ok=1
Cmd: compileSnippet
  api=4 type=0 insize=1214 outsize=1258 kw= ok=1
Cmd: compileSnippet
  api=4 type=1 insize=1214 outsize=1437 kw= ok=1
Cmd: preprocess
  insize=4479 outsize=536 ok=1
Cmd: compileSnippet
  api=4 type=0 insize=3975 outsize=1843 kw= ok=1
Cmd: compileSnippet
  api=4 type=1 insize=3975 outsize=3452 kw= ok=1
Cmd: compileSnippet
  api=4 type=0 insize=3977 outsize=1843 kw= ok=1
Cmd: compileSnippet
  api=4 type=1 insize=3977 outsize=2501 kw= ok=1
Cmd: compileSnippet
  api=4 type=0 insize=3977 outsize=1843 kw= ok=1
Cmd: compileSnippet
  api=4 type=1 insize=3977 outsize=3086 kw= ok=1
Cmd: preprocess
  insize=1050 outsize=267 ok=1
Cmd: compileSnippet
  api=4 type=0 insize=1045 outsize=1534 kw= ok=1
Cmd: compileSnippet
  api=4 type=1 insize=1045 outsize=1144 kw= ok=1
Cmd: preprocess
  insize=4990 outsize=1861 ok=1
Cmd: compileSnippet
  api=4 type=0 insize=3197 outsize=1339 kw= ok=1
Cmd: compileSnippet
  api=4 type=1 insize=3197 outsize=1160 kw= ok=1
Cmd: compileSnippet
  api=4 type=0 insize=3195 outsize=1339 kw= ok=1
Cmd: compileSnippet
  api=4 type=1 insize=3195 outsize=933 kw= ok=1
Cmd: compileSnippet
  api=4 type=0 insize=3211 outsize=1753 kw= ok=1
Cmd: compileSnippet
  api=4 type=1 insize=3211 outsize=1428 kw= ok=1
Cmd: compileSnippet
  api=4 type=0 insize=3203 outsize=1339 kw= ok=1
Cmd: compileSnippet
  api=4 type=1 insize=3203 outsize=852 kw= ok=1
Cmd: compileSnippet
  api=4 type=0 insize=3203 outsize=1339 kw= ok=1
Cmd: compileSnippet
  api=4 type=1 insize=3203 outsize=1160 kw= ok=1
Cmd: compileSnippet
  api=4 type=0 insize=3200 outsize=1339 kw= ok=1
Cmd: compileSnippet
  api=4 type=1 insize=3200 outsize=933 kw= ok=1
Cmd: compileSnippet
  api=4 type=0 insize=3212 outsize=1753 kw= ok=1
Cmd: compileSnippet
  api=4 type=1 insize=3212 outsize=1355 kw= ok=1
Cmd: compileSnippet
  api=4 type=0 insize=3205 outsize=1339 kw= ok=1
Cmd: compileSnippet
  api=4 type=1 insize=3205 outsize=770 kw= ok=1
Cmd: compileSnippet
  api=4 type=0 insize=3198 outsize=1339 kw= ok=1
Cmd: compileSnippet
  api=4 type=1 insize=3198 outsize=559 kw= ok=1
Cmd: compileSnippet
  api=4 type=0 insize=3202 outsize=1339 kw= ok=1
Cmd: compileSnippet
  api=4 type=1 insize=3202 outsize=762 kw= ok=1
Cmd: compileSnippet
  api=4 type=0 insize=3197 outsize=1339 kw= ok=1
Cmd: compileSnippet
  api=4 type=1 insize=3197 outsize=648 kw= ok=1
Cmd: preprocess
  insize=13303 outsize=1954 ok=1
Cmd: compileSnippet
  api=4 type=0 insize=11104 outsize=990 kw= ok=1
Cmd: compileSnippet
  api=4 type=1 insize=11104 outsize=2160 kw= ok=1
Cmd: compileSnippet
  api=4 type=0 insize=11096 outsize=990 kw= ok=1
Cmd: compileSnippet
  api=4 type=1 insize=11096 outsize=843 kw= ok=1
Cmd: compileSnippet
  api=4 type=0 insize=11098 outsize=990 kw= ok=1
Cmd: compileSnippet
  api=4 type=1 insize=11098 outsize=1916 kw= ok=1
Cmd: compileSnippet
  api=4 type=0 insize=11104 outsize=990 kw= ok=1
Cmd: compileSnippet
  api=4 type=1 insize=11104 outsize=3703 kw= ok=1
Cmd: compileSnippet
  api=4 type=0 insize=11114 outsize=990 kw= ok=1
Cmd: compileSnippet
  api=4 type=1 insize=11114 outsize=5881 kw= ok=1
Cmd: compileSnippet
  api=4 type=0 insize=11101 outsize=990 kw= ok=1
Cmd: compileSnippet
  api=4 type=1 insize=11101 outsize=1615 kw= ok=1
Cmd: compileSnippet
  api=4 type=0 insize=11107 outsize=990 kw= ok=1
Cmd: compileSnippet
  api=4 type=1 insize=11107 outsize=3013 kw= ok=1
Cmd: compileSnippet
  api=4 type=0 insize=11113 outsize=990 kw= ok=1
Cmd: compileSnippet
  api=4 type=1 insize=11113 outsize=9277 kw= ok=1
Cmd: preprocess
  insize=1021 outsize=353 ok=1
Cmd: compileSnippet
  api=4 type=0 insize=935 outsize=990 kw= ok=1
Cmd: compileSnippet
  api=4 type=1 insize=935 outsize=1038 kw= ok=1
Cmd: preprocess
  insize=6260 outsize=774 ok=1
Cmd: compileSnippet
  api=4 type=0 insize=5293 outsize=1859 kw= ok=1
Cmd: compileSnippet
  api=4 type=1 insize=5293 outsize=4020 kw= ok=1
Cmd: compileSnippet
  api=4 type=0 insize=5302 outsize=1859 kw= ok=1
Cmd: compileSnippet
  api=4 type=1 insize=5302 outsize=3135 kw= ok=1
Cmd: compileSnippet
  api=4 type=0 insize=5296 outsize=1859 kw= ok=1
Cmd: compileSnippet
  api=4 type=1 insize=5296 outsize=3167 kw= ok=1
Cmd: compileSnippet
  api=4 type=0 insize=5307 outsize=1859 kw= ok=1
Cmd: compileSnippet
  api=4 type=1 insize=5307 outsize=2347 kw= ok=1
Cmd: compileSnippet
  api=4 type=0 insize=5302 outsize=1859 kw= ok=1
Cmd: compileSnippet
  api=4 type=1 insize=5302 outsize=1908 kw= ok=1
Cmd: preprocess
  insize=2810 outsize=804 ok=1
Cmd: compileSnippet
  api=4 type=0 insize=2189 outsize=1428 kw= ok=1
Cmd: compileSnippet
  api=4 type=1 insize=2189 outsize=933 kw= ok=1
Cmd: compileSnippet
  api=4 type=0 insize=2190 outsize=1428 kw= ok=1
Cmd: compileSnippet
  api=4 type=1 insize=2190 outsize=1160 kw= ok=1
Cmd: compileSnippet
  api=4 type=0 insize=2193 outsize=1428 kw= ok=1
Cmd: compileSnippet
  api=4 type=1 insize=2193 outsize=973 kw= ok=1
Cmd: compileSnippet
  api=4 type=0 insize=2192 outsize=1428 kw= ok=1
Cmd: compileSnippet
  api=4 type=1 insize=2192 outsize=1973 kw= ok=1
Cmd: compileSnippet
  api=4 type=0 insize=2195 outsize=1428 kw= ok=1
Cmd: compileSnippet
  api=4 type=1 insize=2195 outsize=957 kw= ok=1
Cmd: preprocess
  insize=11175 outsize=2604 ok=1
Cmd: compileSnippet
  api=4 type=0 insize=8467 outsize=1298 kw= ok=1
Cmd: compileSnippet
  api=4 type=1 insize=8467 outsize=4459 kw= ok=1
Cmd: compileSnippet
  api=4 type=0 insize=8473 outsize=1298 kw= ok=1
Cmd: compileSnippet
  api=4 type=1 insize=8473 outsize=2436 kw= ok=1
Cmd: compileSnippet
  api=4 type=0 insize=8472 outsize=1298 kw= ok=1
Cmd: compileSnippet
  api=4 type=1 insize=8472 outsize=876 kw= ok=1
Cmd: compileSnippet
  api=4 type=0 insize=8477 outsize=1298 kw= ok=1
Cmd: compileSnippet
  api=4 type=1 insize=8477 outsize=1729 kw= ok=1
Cmd: compileSnippet
  api=4 type=0 insize=8476 outsize=1298 kw= ok=1
Cmd: compileSnippet
  api=4 type=1 insize=8476 outsize=1331 kw= ok=1
Cmd: preprocess
  insize=2593 outsize=1205 ok=1
Cmd: compileSnippet
  error: 2 plat 4 at (49): unrecognized identifier 'UNITY_FOG_COORDS'
  api=4 type=0 insize=1632 outsize=0 kw= ok=0
Cmd: preprocess
  insize=12909 outsize=2450 ok=1
Cmd: compileSnippet
  api=4 type=0 insize=10184 outsize=990 kw= ok=1
Cmd: compileSnippet
  api=4 type=1 insize=10184 outsize=1177 kw= ok=1
Cmd: compileSnippet
  api=4 type=0 insize=10184 outsize=990 kw= ok=1
Cmd: compileSnippet
  api=4 type=1 insize=10184 outsize=1615 kw= ok=1
Cmd: compileSnippet
  api=4 type=0 insize=10184 outsize=990 kw= ok=1
Cmd: compileSnippet
  api=4 type=1 insize=10184 outsize=1688 kw= ok=1
Cmd: compileSnippet
  api=4 type=0 insize=10167 outsize=990 kw= ok=1
Cmd: compileSnippet
  api=4 type=1 insize=10167 outsize=1209 kw= ok=1
Cmd: compileSnippet
  api=4 type=0 insize=10186 outsize=990 kw= ok=1
Cmd: compileSnippet
  api=4 type=1 insize=10186 outsize=1339 kw= ok=1
Cmd: compileSnippet
  api=4 type=0 insize=10167 outsize=990 kw= ok=1
Cmd: compileSnippet
  api=4 type=1 insize=10167 outsize=1607 kw= ok=1
Cmd: compileSnippet
  api=4 type=0 insize=10212 outsize=1347 kw= ok=1
Cmd: compileSnippet
  api=4 type=1 insize=10212 outsize=1851 kw= ok=1
Cmd: compileSnippet
  api=4 type=0 insize=10166 outsize=990 kw= ok=1
Cmd: compileSnippet
  api=4 type=1 insize=10166 outsize=510 kw= ok=1
Cmd: compileSnippet
  api=4 type=0 insize=10170 outsize=990 kw= ok=1
Cmd: compileSnippet
  api=4 type=1 insize=10170 outsize=600 kw= ok=1
Cmd: compileSnippet
  api=4 type=0 insize=10192 outsize=2160 kw= ok=1
Cmd: compileSnippet
  api=4 type=1 insize=10192 outsize=2923 kw= ok=1
Cmd: compileSnippet
  api=4 type=0 insize=10186 outsize=2160 kw= ok=1
Cmd: compileSnippet
  api=4 type=1 insize=10186 outsize=3086 kw= ok=1
Cmd: compileSnippet
  api=4 type=0 insize=10192 outsize=2160 kw= ok=1
Cmd: compileSnippet
  api=4 type=1 insize=10192 outsize=2923 kw= ok=1
Cmd: preprocess
  insize=2006 outsize=464 ok=1
Cmd: compileSnippet
  api=4 type=0 insize=1746 outsize=990 kw= ok=1
Cmd: compileSnippet
  api=4 type=1 insize=1746 outsize=1599 kw= ok=1
Cmd: compileSnippet
  api=4 type=0 insize=1759 outsize=990 kw= ok=1
Cmd: compileSnippet
  api=4 type=1 insize=1759 outsize=1550 kw= ok=1
Cmd: preprocess
  insize=1423 outsize=670 ok=1
Cmd: compileSnippet
  error: 2 plat 4 at (20): unrecognized identifier 'UNITY_FOG_COORDS'
  api=4 type=0 insize=1021 outsize=0 kw= ok=0
Cmd: preprocess
  insize=1599 outsize=295 ok=1
Cmd: compileSnippet
  api=4 type=0 insize=1558 outsize=1737 kw= ok=1
Cmd: compileSnippet
  api=4 type=1 insize=1558 outsize=2355 kw= ok=1
Cmd: preprocess
  insize=24902 outsize=4362 ok=1
Cmd: compileSnippet
  api=4 type=0 insize=19213 outsize=1298 kw= ok=1
Cmd: compileSnippet
  api=4 type=1 insize=19213 outsize=1420 kw= ok=1
Cmd: compileSnippet
  api=4 type=0 insize=19220 outsize=2095 kw= ok=1
Cmd: compileSnippet
  api=4 type=1 insize=19220 outsize=3915 kw= ok=1
Cmd: compileSnippet
  api=4 type=0 insize=19224 outsize=2095 kw= ok=1
Cmd: compileSnippet
  api=4 type=1 insize=19224 outsize=7571 kw= ok=1
Cmd: compileSnippet
  api=4 type=0 insize=19203 outsize=1298 kw= ok=1
Cmd: compileSnippet
  api=4 type=1 insize=19203 outsize=648 kw= ok=1
Cmd: compileSnippet
  api=4 type=0 insize=19219 outsize=1298 kw= ok=1
Cmd: compileSnippet
  api=4 type=1 insize=19219 outsize=1412 kw= ok=1
Cmd: compileSnippet
  api=4 type=0 insize=19206 outsize=1298 kw= ok=1
Cmd: compileSnippet
  api=4 type=1 insize=19206 outsize=2558 kw= ok=1
Cmd: compileSnippet
  api=4 type=0 insize=19217 outsize=1298 kw= ok=1
Cmd: compileSnippet
  api=4 type=1 insize=19217 outsize=2095 kw= ok=1
Cmd: compileSnippet
  api=4 type=0 insize=19213 outsize=1298 kw= ok=1
Cmd: compileSnippet
  api=4 type=1 insize=19213 outsize=827 kw= ok=1
Cmd: compileSnippet
  api=4 type=0 insize=19223 outsize=1298 kw= ok=1
Cmd: compileSnippet
  api=4 type=1 insize=19223 outsize=1485 kw= ok=1
Cmd: compileSnippet
  api=4 type=0 insize=19216 outsize=1298 kw= ok=1
Cmd: compileSnippet
  api=4 type=1 insize=19216 outsize=1217 kw= ok=1
Cmd: compileSnippet
  api=4 type=0 insize=19223 outsize=1298 kw= ok=1
Cmd: compileSnippet
  api=4 type=1 insize=19223 outsize=1802 kw= ok=1
Cmd: compileSnippet
  api=4 type=0 insize=19211 outsize=1298 kw= ok=1
Cmd: compileSnippet
  api=4 type=1 insize=19211 outsize=3086 kw= ok=1
Cmd: compileSnippet
  api=4 type=0 insize=19220 outsize=1298 kw= ok=1
Cmd: compileSnippet
  api=4 type=1 insize=19220 outsize=3484 kw= ok=1
Cmd: compileSnippet
  api=4 type=0 insize=19207 outsize=1298 kw= ok=1
Cmd: compileSnippet
  api=4 type=1 insize=19207 outsize=1542 kw= ok=1
Cmd: compileSnippet
  api=4 type=0 insize=19221 outsize=1298 kw= ok=1
Cmd: compileSnippet
  api=4 type=1 insize=19221 outsize=1030 kw= ok=1
Cmd: compileSnippet
  api=4 type=0 insize=19212 outsize=1298 kw= ok=1
Cmd: compileSnippet
  api=4 type=1 insize=19212 outsize=1388 kw= ok=1
Cmd: compileSnippet
  api=4 type=0 insize=19207 outsize=1298 kw= ok=1
Cmd: compileSnippet
  api=4 type=1 insize=19207 outsize=843 kw= ok=1
Cmd: compileSnippet
  api=4 type=0 insize=19212 outsize=1298 kw= ok=1
Cmd: compileSnippet
  api=4 type=1 insize=19212 outsize=3842 kw= ok=1
Cmd: compileSnippet
  api=4 type=0 insize=19221 outsize=1298 kw= ok=1
Cmd: compileSnippet
  api=4 type=1 insize=19221 outsize=3744 kw= ok=1
Cmd: compileSnippet
  api=4 type=0 insize=19230 outsize=2095 kw= ok=1
Cmd: compileSnippet
  api=4 type=1 insize=19230 outsize=4654 kw= ok=1
Cmd: compileSnippet
  api=4 type=0 insize=19209 outsize=1298 kw= ok=1
Cmd: compileSnippet
  api=4 type=1 insize=19209 outsize=762 kw= ok=1
Cmd: compileSnippet
  api=4 type=0 insize=19211 outsize=1298 kw= ok=1
Cmd: compileSnippet
  api=4 type=1 insize=19211 outsize=2558 kw= ok=1
Cmd: compileSnippet
  api=4 type=0 insize=19227 outsize=1298 kw= ok=1
Cmd: compileSnippet
  api=4 type=1 insize=19227 outsize=648 kw= ok=1
Cmd: preprocess
  insize=4094 outsize=562 ok=1
Cmd: compileSnippet
  api=4 type=0 insize=3712 outsize=1737 kw= ok=1
Cmd: compileSnippet
  api=4 type=1 insize=3712 outsize=2932 kw= ok=1
Cmd: compileSnippet
  api=4 type=0 insize=3725 outsize=1737 kw= ok=1
Cmd: compileSnippet
  api=4 type=1 insize=3725 outsize=1778 kw= ok=1
Cmd: compileSnippet
  api=4 type=0 insize=3716 outsize=1737 kw= ok=1
Cmd: compileSnippet
  api=4 type=1 insize=3716 outsize=2038 kw= ok=1
Cmd: preprocess
  insize=1760 outsize=300 ok=1
Cmd: compileSnippet
  api=4 type=0 insize=1697 outsize=1713 kw= ok=1
Cmd: compileSnippet
  api=4 type=1 insize=1697 outsize=3248 kw= ok=1
Cmd: preprocess
  insize=1026 outsize=355 ok=1
Cmd: compileSnippet
  api=4 type=0 insize=934 outsize=990 kw= ok=1
Cmd: compileSnippet
  api=4 type=1 insize=934 outsize=1282 kw= ok=1
Cmd: preprocess
  insize=1156 outsize=433 ok=1
Cmd: compileSnippet
  api=4 type=0 insize=951 outsize=990 kw= ok=1
Cmd: compileSnippet
  api=4 type=1 insize=951 outsize=949 kw= ok=1
Cmd: compileSnippet
  api=4 type=0 insize=957 outsize=990 kw= ok=1
Cmd: compileSnippet
  api=4 type=1 insize=957 outsize=1006 kw= ok=1
Cmd: preprocess
  insize=711 outsize=266 ok=1
Cmd: compileSnippet
  api=4 type=0 insize=724 outsize=1128 kw= ok=1
Cmd: compileSnippet
  api=4 type=1 insize=724 outsize=819 kw= ok=1
Cmd: preprocess
  insize=5806 outsize=895 ok=1
Cmd: compileSnippet
  api=4 type=0 insize=4896 outsize=1558 kw= ok=1
Cmd: compileSnippet
  api=4 type=1 insize=4896 outsize=2135 kw= ok=1
Cmd: compileSnippet
  api=4 type=0 insize=4899 outsize=1558 kw= ok=1
Cmd: compileSnippet
  api=4 type=1 insize=4899 outsize=1640 kw= ok=1
Cmd: compileSnippet
  api=4 type=0 insize=4903 outsize=1558 kw= ok=1
Cmd: compileSnippet
  api=4 type=1 insize=4903 outsize=1802 kw= ok=1
Cmd: compileSnippet
  api=4 type=0 insize=4912 outsize=990 kw= ok=1
Cmd: compileSnippet
  api=4 type=1 insize=4912 outsize=1038 kw= ok=1
Cmd: compileSnippet
  api=4 type=0 insize=4893 outsize=1558 kw= ok=1
Cmd: compileSnippet
  api=4 type=1 insize=4893 outsize=2135 kw= ok=1
Cmd: preprocess
  insize=5373 outsize=779 ok=1
Cmd: compileSnippet
  api=4 type=0 insize=4604 outsize=990 kw= ok=1
Cmd: compileSnippet
  api=4 type=1 insize=4604 outsize=811 kw= ok=1
Cmd: compileSnippet
  api=4 type=0 insize=4609 outsize=2135 kw= ok=1
Cmd: compileSnippet
  api=4 type=1 insize=4609 outsize=1835 kw= ok=1
Cmd: compileSnippet
  api=4 type=0 insize=4619 outsize=2143 kw= ok=1
Cmd: compileSnippet
  api=4 type=1 insize=4619 outsize=2395 kw= ok=1
Cmd: compileSnippet
  api=4 type=0 insize=4614 outsize=2143 kw= ok=1
Cmd: compileSnippet
  api=4 type=1 insize=4614 outsize=2030 kw= ok=1
Cmd: compileSnippet
  api=4 type=0 insize=4620 outsize=1737 kw= ok=1
Cmd: compileSnippet
  api=4 type=1 insize=4620 outsize=2355 kw= ok=1
Cmd: preprocess
  insize=555 outsize=363 ok=1
Cmd: compileSnippet
  api=4 type=0 insize=481 outsize=1128 kw= ok=1
Cmd: compileSnippet
  api=4 type=1 insize=481 outsize=868 kw= ok=1
Cmd: preprocess
  insize=6723 outsize=956 ok=1
Cmd: compileSnippet
  api=4 type=0 insize=5581 outsize=1298 kw= ok=1
Cmd: compileSnippet
  api=4 type=1 insize=5581 outsize=795 kw= ok=1
Cmd: compileSnippet
  api=4 type=0 insize=5581 outsize=1298 kw= ok=1
Cmd: compileSnippet
  api=4 type=1 insize=5581 outsize=892 kw= ok=1
Cmd: compileSnippet
  api=4 type=0 insize=5575 outsize=1298 kw= ok=1
Cmd: compileSnippet
  api=4 type=1 insize=5575 outsize=2623 kw= ok=1
Cmd: compileSnippet
  api=4 type=0 insize=5574 outsize=1298 kw= ok=1
Cmd: compileSnippet
  api=4 type=1 insize=5574 outsize=2777 kw= ok=1
Cmd: compileSnippet
  api=4 type=0 insize=5577 outsize=1298 kw= ok=1
Cmd: compileSnippet
  api=4 type=1 insize=5577 outsize=2891 kw= ok=1
Cmd: compileSnippet
  api=4 type=0 insize=5577 outsize=1298 kw= ok=1
Cmd: compileSnippet
  api=4 type=1 insize=5577 outsize=2948 kw= ok=1
Cmd: compileSnippet
  api=4 type=0 insize=5579 outsize=1298 kw= ok=1
Cmd: compileSnippet
  api=4 type=1 insize=5579 outsize=998 kw= ok=1
Cmd: preprocess
  insize=1367 outsize=391 ok=1
Cmd: compileSnippet
  error: 2 plat 4 at (25): unrecognized identifier 'UNITY_FOG_COORDS'
  api=4 type=0 insize=1235 outsize=0 kw= ok=0
Cmd: preprocess
  insize=33409 outsize=270 ok=1
Cmd: compileSnippet
  api=4 type=0 insize=32630 outsize=990 kw= ok=1
Cmd: compileSnippet
  api=4 type=1 insize=32630 outsize=10683 kw= ok=1
Cmd: preprocess
  insize=5347 outsize=1767 ok=1
Cmd: compileSnippet
  api=4 type=0 insize=3758 outsize=1753 kw= ok=1
Cmd: compileSnippet
  api=4 type=1 insize=3758 outsize=4557 kw= ok=1
Cmd: preprocess
  insize=6924 outsize=251 ok=1
Cmd: compileSnippet
  api=4 type=0 insize=6803 outsize=1380 kw= ok=1
Cmd: compileSnippet
  api=4 type=1 insize=6803 outsize=4418 kw= ok=1
Cmd: preprocess
  insize=4414 outsize=444 ok=1
Cmd: compileSnippet
  api=4 type=0 insize=4124 outsize=2200 kw= ok=1
Cmd: compileSnippet
  api=4 type=1 insize=4124 outsize=4297 kw= ok=1
Cmd: compileSnippet
  api=4 type=0 insize=4130 outsize=2200 kw= ok=1
Cmd: compileSnippet
  api=4 type=1 insize=4130 outsize=3362 kw= ok=1
Cmd: preprocess
  insize=4830 outsize=933 ok=1
Cmd: compileSnippet
  api=4 type=0 insize=3942 outsize=1298 kw= ok=1
Cmd: compileSnippet
  api=4 type=1 insize=3942 outsize=1201 kw= ok=1
Cmd: compileSnippet
  api=4 type=0 insize=3951 outsize=1233 kw= ok=1
Cmd: compileSnippet
  api=4 type=1 insize=3951 outsize=1185 kw= ok=1
Cmd: compileSnippet
  api=4 type=0 insize=3943 outsize=1298 kw= ok=1
Cmd: compileSnippet
  api=4 type=1 insize=3943 outsize=1705 kw= ok=1
Cmd: compileSnippet
  api=4 type=0 insize=3945 outsize=1298 kw= ok=1
Cmd: compileSnippet
  api=4 type=1 insize=3945 outsize=1656 kw= ok=1
Cmd: compileSnippet
  api=4 type=0 insize=3940 outsize=1298 kw= ok=1
Cmd: compileSnippet
  api=4 type=1 insize=3940 outsize=973 kw= ok=1
Cmd: preprocess
  insize=1373 outsize=404 ok=1
Cmd: compileSnippet
  error: 2 plat 4 at (37): unrecognized identifier 'UNITY_FOG_COORDS'
  api=4 type=0 insize=1228 outsize=0 kw= ok=0
Cmd: preprocess
  insize=5974 outsize=1284 ok=1
Cmd: compileSnippet
  api=4 type=0 insize=4249 outsize=1428 kw= ok=1
Cmd: compileSnippet
  api=4 type=1 insize=4249 outsize=2509 kw= ok=1
Cmd: compileSnippet
  api=4 type=0 insize=3336 outsize=1185 kw= ok=1
Cmd: compileSnippet
  api=4 type=1 insize=3336 outsize=1656 kw= ok=1
Cmd: compileSnippet
  api=4 type=4 insize=3336 outsize=3590 kw= ok=1
Cmd: compileSnippet
  api=4 type=0 insize=3336 outsize=1185 kw= ok=1
Cmd: compileSnippet
  api=4 type=1 insize=3336 outsize=1656 kw= ok=1
Cmd: compileSnippet
  api=4 type=4 insize=3336 outsize=3590 kw= ok=1
Cmd: preprocess
  insize=770 outsize=305 ok=1
Cmd: compileSnippet
  api=4 type=0 insize=732 outsize=990 kw= ok=1
Cmd: compileSnippet
  api=4 type=1 insize=732 outsize=657 kw= ok=1
Cmd: preprocess
  insize=692 outsize=317 ok=1
Cmd: compileSnippet
  api=4 type=0 insize=657 outsize=1128 kw= ok=1
Cmd: compileSnippet
  api=4 type=1 insize=657 outsize=1047 kw= ok=1
Cmd: preprocess
  insize=3850 outsize=664 ok=1
Cmd: compileSnippet
  api=4 type=0 insize=3277 outsize=990 kw= ok=1
Cmd: compileSnippet
  api=4 type=1 insize=3277 outsize=1258 kw= ok=1
Cmd: compileSnippet
  api=4 type=0 insize=3285 outsize=2135 kw= ok=1
Cmd: compileSnippet
  api=4 type=1 insize=3285 outsize=1835 kw= ok=1
Cmd: compileSnippet
  api=4 type=0 insize=3294 outsize=2119 kw= ok=1
Cmd: compileSnippet
  api=4 type=1 insize=3294 outsize=2192 kw= ok=1
Cmd: compileSnippet
  api=4 type=0 insize=3289 outsize=2119 kw= ok=1
Cmd: compileSnippet
  api=4 type=1 insize=3289 outsize=2030 kw= ok=1
Cmd: preprocess
  insize=851 outsize=294 ok=1
Cmd: compileSnippet
  api=4 type=0 insize=828 outsize=990 kw= ok=1
Cmd: compileSnippet
  api=4 type=1 insize=828 outsize=1087 kw= ok=1
Cmd: preprocess
  insize=1331 outsize=291 ok=1
Cmd: compileSnippet
  api=4 type=0 insize=1298 outsize=1558 kw= ok=1
Cmd: compileSnippet
  api=4 type=1 insize=1298 outsize=1940 kw= ok=1
Cmd: preprocess
  insize=2135 outsize=1002 ok=1
Cmd: compileSnippet
  api=4 type=0 insize=859 outsize=1071 kw= ok=1
Cmd: compileSnippet
  api=4 type=1 insize=859 outsize=738 kw= ok=1
Cmd: compileSnippet
  api=4 type=0 insize=814 outsize=1071 kw= ok=1
Cmd: compileSnippet
  api=4 type=1 insize=814 outsize=600 kw= ok=1
Cmd: preprocess
  insize=5316 outsize=741 ok=1
Cmd: compileSnippet
  api=4 type=0 insize=4658 outsize=998 kw= ok=1
Cmd: compileSnippet
  api=4 type=1 insize=4658 outsize=1948 kw= ok=1
Cmd: compileSnippet
  api=4 type=0 insize=4664 outsize=998 kw= ok=1
Cmd: compileSnippet
  api=4 type=1 insize=4664 outsize=1680 kw= ok=1
Cmd: compileSnippet
  api=4 type=0 insize=4674 outsize=998 kw= ok=1
Cmd: compileSnippet
  api=4 type=1 insize=4674 outsize=6450 kw= ok=1
Cmd: preprocess
  insize=1072 outsize=494 ok=1
Cmd: compileSnippet
  api=4 type=0 insize=849 outsize=1266 kw= ok=1
Cmd: compileSnippet
  api=4 type=1 insize=849 outsize=1022 kw= ok=1
Cmd: preprocess
  insize=1210 outsize=386 ok=1
Cmd: compileSnippet
  api=4 type=0 insize=1080 outsize=1233 kw= ok=1
Cmd: compileSnippet
  api=4 type=1 insize=1080 outsize=1185 kw= ok=1
Cmd: preprocess
  insize=553 outsize=259 ok=1
Cmd: compileSnippet
  api=4 type=0 insize=573 outsize=827 kw= ok=1
Cmd: compileSnippet
  api=4 type=1 insize=573 outsize=437 kw= ok=1
Cmd: preprocess
  insize=698 outsize=311 ok=1
Cmd: compileSnippet
  api=4 type=0 insize=665 outsize=990 kw= ok=1
Cmd: compileSnippet
  api=4 type=1 insize=665 outsize=713 kw= ok=1
Cmd: preprocess
  insize=5240 outsize=920 ok=1
Cmd: compileSnippet
  api=4 type=0 insize=4389 outsize=1583 kw= ok=1
Cmd: compileSnippet
  api=4 type=1 insize=4389 outsize=1307 kw= ok=1
Cmd: compileSnippet
  api=4 type=0 insize=4394 outsize=1396 kw= ok=1
Cmd: compileSnippet
  api=4 type=1 insize=4394 outsize=1518 kw= ok=1
Cmd: compileSnippet
  api=4 type=0 insize=4395 outsize=1396 kw= ok=1
Cmd: compileSnippet
  api=4 type=1 insize=4395 outsize=1518 kw= ok=1
Cmd: compileSnippet
  api=4 type=0 insize=4399 outsize=1753 kw= ok=1
Cmd: compileSnippet
  api=4 type=1 insize=4399 outsize=1786 kw= ok=1
Cmd: compileSnippet
  api=4 type=0 insize=4400 outsize=1753 kw= ok=1
Cmd: compileSnippet
  api=4 type=1 insize=4400 outsize=1786 kw= ok=1
Cmd: compileSnippet
  api=4 type=0 insize=2847 outsize=1851 kw=DIRECTIONAL ok=1
Cmd: compileSnippet
  api=4 type=1 insize=2847 outsize=1339 kw=DIRECTIONAL ok=1
